<?xml version="1.0" encoding="UTF-8"?>
<!-- Generated by org.testng.reporters.JUnitReportReporter -->
<testsuite hostname="DESKTOP-L6II3T4" failures="0" tests="1" name="irctc.WindowsHandling" time="29.490" errors="0" timestamp="2024-10-16T07:07:39 IST" skipped="0">
  <testcase classname="irctc.WindowsHandling" name="windowsHandling" time="29.490"/>
  <system-out/>
</testsuite> <!-- irctc.WindowsHandling -->
