<?xml version="1.0" encoding="UTF-8"?>
<!-- Generated by org.testng.reporters.JUnitReportReporter -->
<testsuite hostname="DESKTOP-L6II3T4" failures="0" tests="1" name="facebookapp.AlertsPractice" time="18.429" errors="0" timestamp="2024-10-15T07:15:38 IST" skipped="0">
  <testcase classname="facebookapp.AlertsPractice" name="alertsPractice" time="18.429"/>
  <system-out/>
</testsuite> <!-- facebookapp.AlertsPractice -->
