<?xml version="1.0" encoding="UTF-8"?>
<!-- Generated by org.testng.reporters.JUnitReportReporter -->
<testsuite hostname="DESKTOP-L6II3T4" failures="0" tests="1" name="irctc.IrctcRegistration" time="13.183" errors="0" timestamp="2024-10-18T06:53:00 IST" skipped="0">
  <testcase classname="irctc.IrctcRegistration" name="irctcRegistration" time="13.183"/>
  <system-out/>
</testsuite> <!-- irctc.IrctcRegistration -->
